<?xml version="1.0" encoding="UTF-8"?>
<!-- Generated by org.testng.reporters.JUnitReportReporter -->
<testsuite hostname="LAPTOP-KNOK9DFK" name="runner.CheapestFlightRunner" tests="1" failures="0" timestamp="20 Nov 2018 15:12:59 GMT" time="78.075" errors="0">
  <testcase name="runCukes" time="78.075" classname="runner.CheapestFlightRunner"/>
</testsuite> <!-- runner.CheapestFlightRunner -->
